[10-Dec-2025 19:14:07 UTC] PHP Warning:  filemtime(): stat failed for /Applications/XAMPP/xamppfiles/htdocs/health-care/wp-content/themes/healthcare/assets/style.css in /Applications/XAMPP/xamppfiles/htdocs/health-care/wp-content/themes/healthcare/functions.php on line 10
[10-Dec-2025 19:15:14 UTC] PHP Warning:  filemtime(): stat failed for /Applications/XAMPP/xamppfiles/htdocs/health-care/wp-content/themes/healthcare/assets/style.css in /Applications/XAMPP/xamppfiles/htdocs/health-care/wp-content/themes/healthcare/functions.php on line 10
[10-Dec-2025 19:15:14 UTC] PHP Warning:  filemtime(): stat failed for /Applications/XAMPP/xamppfiles/htdocs/health-care/wp-content/themes/healthcare/assets/js/ui.js in /Applications/XAMPP/xamppfiles/htdocs/health-care/wp-content/themes/healthcare/functions.php on line 56
[10-Dec-2025 19:29:15 UTC] PHP Fatal error:  Uncaught Error: Object of class WP_User could not be converted to string in /Applications/XAMPP/xamppfiles/htdocs/health-care/wp-content/themes/healthcare/index.php:15
Stack trace:
#0 /Applications/XAMPP/xamppfiles/htdocs/health-care/wp-includes/template-loader.php(125): include()
#1 /Applications/XAMPP/xamppfiles/htdocs/health-care/wp-blog-header.php(19): require_once('/Applications/X...')
#2 /Applications/XAMPP/xamppfiles/htdocs/health-care/index.php(17): require('/Applications/X...')
#3 {main}
  thrown in /Applications/XAMPP/xamppfiles/htdocs/health-care/wp-content/themes/healthcare/index.php on line 15
[10-Dec-2025 19:29:54 UTC] PHP Fatal error:  Uncaught Error: Object of class WP_User could not be converted to string in /Applications/XAMPP/xamppfiles/htdocs/health-care/wp-content/themes/healthcare/index.php:14
Stack trace:
#0 /Applications/XAMPP/xamppfiles/htdocs/health-care/wp-includes/template-loader.php(125): include()
#1 /Applications/XAMPP/xamppfiles/htdocs/health-care/wp-blog-header.php(19): require_once('/Applications/X...')
#2 /Applications/XAMPP/xamppfiles/htdocs/health-care/index.php(17): require('/Applications/X...')
#3 {main}
  thrown in /Applications/XAMPP/xamppfiles/htdocs/health-care/wp-content/themes/healthcare/index.php on line 14
[10-Dec-2025 19:55:28 UTC] Automatic updates starting...
[10-Dec-2025 19:55:29 UTC] Automatic updates complete.
[10-Dec-2025 19:57:32 UTC] PHP Parse error:  syntax error, unexpected token "}" in /Applications/XAMPP/xamppfiles/htdocs/health-care/wp-content/themes/healthcare/functions.php on line 90
[10-Dec-2025 19:57:32 UTC] PHP Notice:  Function _load_textdomain_just_in_time was called <strong>incorrectly</strong>. Translation loading for the <code>health-care</code> domain was triggered too early. This is usually an indicator for some code in the plugin or theme running too early. Translations should be loaded at the <code>init</code> action or later. Please see <a href="https://developer.wordpress.org/advanced-administration/debug/debug-wordpress/">Debugging in WordPress</a> for more information. (This message was added in version 6.7.0.) in /Applications/XAMPP/xamppfiles/htdocs/health-care/wp-includes/functions.php on line 6131
[10-Dec-2025 19:57:32 UTC] PHP Warning:  Trying to access array offset on value of type bool in /Applications/XAMPP/xamppfiles/htdocs/health-care/wp-includes/class-wp-recovery-mode-email-service.php on line 367
[10-Dec-2025 19:57:32 UTC] PHP Warning:  Trying to access array offset on value of type bool in /Applications/XAMPP/xamppfiles/htdocs/health-care/wp-includes/class-wp-recovery-mode-email-service.php on line 368
[10-Dec-2025 20:52:28 UTC] PHP Warning:  Array to string conversion in /Applications/XAMPP/xamppfiles/htdocs/health-care/wp-content/themes/healthcare/index.php on line 209
[10-Dec-2025 20:52:28 UTC] PHP Warning:  Array to string conversion in /Applications/XAMPP/xamppfiles/htdocs/health-care/wp-content/themes/healthcare/index.php on line 209
[10-Dec-2025 20:52:28 UTC] PHP Warning:  Array to string conversion in /Applications/XAMPP/xamppfiles/htdocs/health-care/wp-content/themes/healthcare/index.php on line 209
[10-Dec-2025 20:52:28 UTC] PHP Warning:  Array to string conversion in /Applications/XAMPP/xamppfiles/htdocs/health-care/wp-content/themes/healthcare/index.php on line 209
[10-Dec-2025 20:52:28 UTC] PHP Warning:  Array to string conversion in /Applications/XAMPP/xamppfiles/htdocs/health-care/wp-content/themes/healthcare/index.php on line 209
[10-Dec-2025 20:52:28 UTC] PHP Warning:  Array to string conversion in /Applications/XAMPP/xamppfiles/htdocs/health-care/wp-content/themes/healthcare/index.php on line 209
[10-Dec-2025 20:52:28 UTC] PHP Warning:  Array to string conversion in /Applications/XAMPP/xamppfiles/htdocs/health-care/wp-content/themes/healthcare/index.php on line 209
[10-Dec-2025 20:52:28 UTC] PHP Warning:  Array to string conversion in /Applications/XAMPP/xamppfiles/htdocs/health-care/wp-content/themes/healthcare/index.php on line 209
[10-Dec-2025 20:53:42 UTC] PHP Warning:  Array to string conversion in /Applications/XAMPP/xamppfiles/htdocs/health-care/wp-content/themes/healthcare/index.php on line 209
[10-Dec-2025 20:53:42 UTC] PHP Warning:  Array to string conversion in /Applications/XAMPP/xamppfiles/htdocs/health-care/wp-content/themes/healthcare/index.php on line 209
[10-Dec-2025 20:53:42 UTC] PHP Warning:  Array to string conversion in /Applications/XAMPP/xamppfiles/htdocs/health-care/wp-content/themes/healthcare/index.php on line 209
[10-Dec-2025 20:53:42 UTC] PHP Warning:  Array to string conversion in /Applications/XAMPP/xamppfiles/htdocs/health-care/wp-content/themes/healthcare/index.php on line 209
[10-Dec-2025 20:53:42 UTC] PHP Warning:  Array to string conversion in /Applications/XAMPP/xamppfiles/htdocs/health-care/wp-content/themes/healthcare/index.php on line 209
[10-Dec-2025 20:53:42 UTC] PHP Warning:  Array to string conversion in /Applications/XAMPP/xamppfiles/htdocs/health-care/wp-content/themes/healthcare/index.php on line 209
[10-Dec-2025 20:53:42 UTC] PHP Warning:  Array to string conversion in /Applications/XAMPP/xamppfiles/htdocs/health-care/wp-content/themes/healthcare/index.php on line 209
[10-Dec-2025 20:53:42 UTC] PHP Warning:  Array to string conversion in /Applications/XAMPP/xamppfiles/htdocs/health-care/wp-content/themes/healthcare/index.php on line 209
[10-Dec-2025 20:54:57 UTC] PHP Warning:  Array to string conversion in /Applications/XAMPP/xamppfiles/htdocs/health-care/wp-content/themes/healthcare/index.php on line 209
[10-Dec-2025 20:54:57 UTC] PHP Warning:  Array to string conversion in /Applications/XAMPP/xamppfiles/htdocs/health-care/wp-content/themes/healthcare/index.php on line 209
[10-Dec-2025 20:54:57 UTC] PHP Warning:  Array to string conversion in /Applications/XAMPP/xamppfiles/htdocs/health-care/wp-content/themes/healthcare/index.php on line 209
[10-Dec-2025 20:54:57 UTC] PHP Warning:  Array to string conversion in /Applications/XAMPP/xamppfiles/htdocs/health-care/wp-content/themes/healthcare/index.php on line 209
[10-Dec-2025 20:54:57 UTC] PHP Warning:  Array to string conversion in /Applications/XAMPP/xamppfiles/htdocs/health-care/wp-content/themes/healthcare/index.php on line 209
[10-Dec-2025 20:54:57 UTC] PHP Warning:  Array to string conversion in /Applications/XAMPP/xamppfiles/htdocs/health-care/wp-content/themes/healthcare/index.php on line 209
[10-Dec-2025 20:54:57 UTC] PHP Warning:  Array to string conversion in /Applications/XAMPP/xamppfiles/htdocs/health-care/wp-content/themes/healthcare/index.php on line 209
[10-Dec-2025 20:54:57 UTC] PHP Warning:  Array to string conversion in /Applications/XAMPP/xamppfiles/htdocs/health-care/wp-content/themes/healthcare/index.php on line 209
[10-Dec-2025 21:14:20 UTC] PHP Warning:  A non-numeric value encountered in /Applications/XAMPP/xamppfiles/htdocs/health-care/wp-content/themes/healthcare/index.php on line 207
[10-Dec-2025 21:14:20 UTC] PHP Warning:  A non-numeric value encountered in /Applications/XAMPP/xamppfiles/htdocs/health-care/wp-content/themes/healthcare/index.php on line 207
[10-Dec-2025 21:14:20 UTC] PHP Warning:  A non-numeric value encountered in /Applications/XAMPP/xamppfiles/htdocs/health-care/wp-content/themes/healthcare/index.php on line 207
[10-Dec-2025 21:14:20 UTC] PHP Warning:  A non-numeric value encountered in /Applications/XAMPP/xamppfiles/htdocs/health-care/wp-content/themes/healthcare/index.php on line 207
[10-Dec-2025 21:14:20 UTC] PHP Warning:  A non-numeric value encountered in /Applications/XAMPP/xamppfiles/htdocs/health-care/wp-content/themes/healthcare/index.php on line 207
[10-Dec-2025 21:14:20 UTC] PHP Warning:  A non-numeric value encountered in /Applications/XAMPP/xamppfiles/htdocs/health-care/wp-content/themes/healthcare/index.php on line 207
[10-Dec-2025 21:14:20 UTC] PHP Warning:  A non-numeric value encountered in /Applications/XAMPP/xamppfiles/htdocs/health-care/wp-content/themes/healthcare/index.php on line 207
[10-Dec-2025 21:14:20 UTC] PHP Warning:  A non-numeric value encountered in /Applications/XAMPP/xamppfiles/htdocs/health-care/wp-content/themes/healthcare/index.php on line 207
[10-Dec-2025 21:14:20 UTC] PHP Warning:  A non-numeric value encountered in /Applications/XAMPP/xamppfiles/htdocs/health-care/wp-content/themes/healthcare/index.php on line 207
[10-Dec-2025 21:14:20 UTC] PHP Warning:  A non-numeric value encountered in /Applications/XAMPP/xamppfiles/htdocs/health-care/wp-content/themes/healthcare/index.php on line 207
[10-Dec-2025 21:14:20 UTC] PHP Warning:  A non-numeric value encountered in /Applications/XAMPP/xamppfiles/htdocs/health-care/wp-content/themes/healthcare/index.php on line 207
[10-Dec-2025 21:14:20 UTC] PHP Warning:  A non-numeric value encountered in /Applications/XAMPP/xamppfiles/htdocs/health-care/wp-content/themes/healthcare/index.php on line 207
[10-Dec-2025 21:14:20 UTC] PHP Warning:  A non-numeric value encountered in /Applications/XAMPP/xamppfiles/htdocs/health-care/wp-content/themes/healthcare/index.php on line 207
[10-Dec-2025 21:14:20 UTC] PHP Warning:  A non-numeric value encountered in /Applications/XAMPP/xamppfiles/htdocs/health-care/wp-content/themes/healthcare/index.php on line 207
[10-Dec-2025 21:14:20 UTC] PHP Warning:  A non-numeric value encountered in /Applications/XAMPP/xamppfiles/htdocs/health-care/wp-content/themes/healthcare/index.php on line 207
[10-Dec-2025 21:14:20 UTC] PHP Warning:  A non-numeric value encountered in /Applications/XAMPP/xamppfiles/htdocs/health-care/wp-content/themes/healthcare/index.php on line 207
[10-Dec-2025 21:15:16 UTC] PHP Warning:  A non-numeric value encountered in /Applications/XAMPP/xamppfiles/htdocs/health-care/wp-content/themes/healthcare/index.php on line 207
[10-Dec-2025 21:15:16 UTC] PHP Warning:  A non-numeric value encountered in /Applications/XAMPP/xamppfiles/htdocs/health-care/wp-content/themes/healthcare/index.php on line 207
[10-Dec-2025 21:15:16 UTC] PHP Warning:  A non-numeric value encountered in /Applications/XAMPP/xamppfiles/htdocs/health-care/wp-content/themes/healthcare/index.php on line 207
[10-Dec-2025 21:15:16 UTC] PHP Warning:  A non-numeric value encountered in /Applications/XAMPP/xamppfiles/htdocs/health-care/wp-content/themes/healthcare/index.php on line 207
[10-Dec-2025 21:15:16 UTC] PHP Warning:  A non-numeric value encountered in /Applications/XAMPP/xamppfiles/htdocs/health-care/wp-content/themes/healthcare/index.php on line 207
[10-Dec-2025 21:15:16 UTC] PHP Warning:  A non-numeric value encountered in /Applications/XAMPP/xamppfiles/htdocs/health-care/wp-content/themes/healthcare/index.php on line 207
[10-Dec-2025 21:15:16 UTC] PHP Warning:  A non-numeric value encountered in /Applications/XAMPP/xamppfiles/htdocs/health-care/wp-content/themes/healthcare/index.php on line 207
[10-Dec-2025 21:15:16 UTC] PHP Warning:  A non-numeric value encountered in /Applications/XAMPP/xamppfiles/htdocs/health-care/wp-content/themes/healthcare/index.php on line 207
[10-Dec-2025 21:15:16 UTC] PHP Warning:  A non-numeric value encountered in /Applications/XAMPP/xamppfiles/htdocs/health-care/wp-content/themes/healthcare/index.php on line 207
[10-Dec-2025 21:15:16 UTC] PHP Warning:  A non-numeric value encountered in /Applications/XAMPP/xamppfiles/htdocs/health-care/wp-content/themes/healthcare/index.php on line 207
[10-Dec-2025 21:15:16 UTC] PHP Warning:  A non-numeric value encountered in /Applications/XAMPP/xamppfiles/htdocs/health-care/wp-content/themes/healthcare/index.php on line 207
[10-Dec-2025 21:15:16 UTC] PHP Warning:  A non-numeric value encountered in /Applications/XAMPP/xamppfiles/htdocs/health-care/wp-content/themes/healthcare/index.php on line 207
[10-Dec-2025 21:15:16 UTC] PHP Warning:  A non-numeric value encountered in /Applications/XAMPP/xamppfiles/htdocs/health-care/wp-content/themes/healthcare/index.php on line 207
[10-Dec-2025 21:15:16 UTC] PHP Warning:  A non-numeric value encountered in /Applications/XAMPP/xamppfiles/htdocs/health-care/wp-content/themes/healthcare/index.php on line 207
[10-Dec-2025 21:15:16 UTC] PHP Warning:  A non-numeric value encountered in /Applications/XAMPP/xamppfiles/htdocs/health-care/wp-content/themes/healthcare/index.php on line 207
[10-Dec-2025 21:15:16 UTC] PHP Warning:  A non-numeric value encountered in /Applications/XAMPP/xamppfiles/htdocs/health-care/wp-content/themes/healthcare/index.php on line 207
[10-Dec-2025 21:15:18 UTC] PHP Warning:  A non-numeric value encountered in /Applications/XAMPP/xamppfiles/htdocs/health-care/wp-content/themes/healthcare/index.php on line 207
[10-Dec-2025 21:15:18 UTC] PHP Warning:  A non-numeric value encountered in /Applications/XAMPP/xamppfiles/htdocs/health-care/wp-content/themes/healthcare/index.php on line 207
[10-Dec-2025 21:15:18 UTC] PHP Warning:  A non-numeric value encountered in /Applications/XAMPP/xamppfiles/htdocs/health-care/wp-content/themes/healthcare/index.php on line 207
[10-Dec-2025 21:15:18 UTC] PHP Warning:  A non-numeric value encountered in /Applications/XAMPP/xamppfiles/htdocs/health-care/wp-content/themes/healthcare/index.php on line 207
[10-Dec-2025 21:15:18 UTC] PHP Warning:  A non-numeric value encountered in /Applications/XAMPP/xamppfiles/htdocs/health-care/wp-content/themes/healthcare/index.php on line 207
[10-Dec-2025 21:15:18 UTC] PHP Warning:  A non-numeric value encountered in /Applications/XAMPP/xamppfiles/htdocs/health-care/wp-content/themes/healthcare/index.php on line 207
[10-Dec-2025 21:15:18 UTC] PHP Warning:  A non-numeric value encountered in /Applications/XAMPP/xamppfiles/htdocs/health-care/wp-content/themes/healthcare/index.php on line 207
[10-Dec-2025 21:15:18 UTC] PHP Warning:  A non-numeric value encountered in /Applications/XAMPP/xamppfiles/htdocs/health-care/wp-content/themes/healthcare/index.php on line 207
[10-Dec-2025 21:15:18 UTC] PHP Warning:  A non-numeric value encountered in /Applications/XAMPP/xamppfiles/htdocs/health-care/wp-content/themes/healthcare/index.php on line 207
[10-Dec-2025 21:15:18 UTC] PHP Warning:  A non-numeric value encountered in /Applications/XAMPP/xamppfiles/htdocs/health-care/wp-content/themes/healthcare/index.php on line 207
[10-Dec-2025 21:15:18 UTC] PHP Warning:  A non-numeric value encountered in /Applications/XAMPP/xamppfiles/htdocs/health-care/wp-content/themes/healthcare/index.php on line 207
[10-Dec-2025 21:15:18 UTC] PHP Warning:  A non-numeric value encountered in /Applications/XAMPP/xamppfiles/htdocs/health-care/wp-content/themes/healthcare/index.php on line 207
[10-Dec-2025 21:15:18 UTC] PHP Warning:  A non-numeric value encountered in /Applications/XAMPP/xamppfiles/htdocs/health-care/wp-content/themes/healthcare/index.php on line 207
[10-Dec-2025 21:15:18 UTC] PHP Warning:  A non-numeric value encountered in /Applications/XAMPP/xamppfiles/htdocs/health-care/wp-content/themes/healthcare/index.php on line 207
[10-Dec-2025 21:15:18 UTC] PHP Warning:  A non-numeric value encountered in /Applications/XAMPP/xamppfiles/htdocs/health-care/wp-content/themes/healthcare/index.php on line 207
[10-Dec-2025 21:15:18 UTC] PHP Warning:  A non-numeric value encountered in /Applications/XAMPP/xamppfiles/htdocs/health-care/wp-content/themes/healthcare/index.php on line 207
[10-Dec-2025 21:27:23 UTC] PHP Fatal error:  Uncaught TypeError: date_diff(): Argument #1 ($baseObject) must be of type DateTimeInterface, bool given in /Applications/XAMPP/xamppfiles/htdocs/health-care/wp-content/themes/healthcare/index.php:207
Stack trace:
#0 /Applications/XAMPP/xamppfiles/htdocs/health-care/wp-content/themes/healthcare/index.php(207): date_diff(false, Object(DateTime))
#1 /Applications/XAMPP/xamppfiles/htdocs/health-care/wp-includes/template-loader.php(125): include('/Applications/X...')
#2 /Applications/XAMPP/xamppfiles/htdocs/health-care/wp-blog-header.php(19): require_once('/Applications/X...')
#3 /Applications/XAMPP/xamppfiles/htdocs/health-care/index.php(17): require('/Applications/X...')
#4 {main}
  thrown in /Applications/XAMPP/xamppfiles/htdocs/health-care/wp-content/themes/healthcare/index.php on line 207
[10-Dec-2025 21:28:49 UTC] PHP Fatal error:  Uncaught Error: Call to a member function diff() on string in /Applications/XAMPP/xamppfiles/htdocs/health-care/wp-content/themes/healthcare/index.php:207
Stack trace:
#0 /Applications/XAMPP/xamppfiles/htdocs/health-care/wp-includes/template-loader.php(125): include()
#1 /Applications/XAMPP/xamppfiles/htdocs/health-care/wp-blog-header.php(19): require_once('/Applications/X...')
#2 /Applications/XAMPP/xamppfiles/htdocs/health-care/index.php(17): require('/Applications/X...')
#3 {main}
  thrown in /Applications/XAMPP/xamppfiles/htdocs/health-care/wp-content/themes/healthcare/index.php on line 207
